{"name": "Тест перехода на историю заказов", "status": "broken", "statusDetails": {"message": "selenium.common.exceptions.TimeoutException: Message: \nStacktrace:\nRemoteError@chrome://remote/content/shared/RemoteError.sys.mjs:8:8\nWebDriverError@chrome://remote/content/shared/webdriver/Errors.sys.mjs:192:5\nNoSuchElementError@chrome://remote/content/shared/webdriver/Errors.sys.mjs:510:5\ndom.find/</<@chrome://remote/content/shared/DOM.sys.mjs:136:16", "trace": "self = <Diplom_3.tests.test_profile.TestProfile object at 0x1050050d0>\ndriver = <selenium.webdriver.firefox.webdriver.WebDriver (session=\"0323e968-5bb1-4426-b51b-b40b0fe2a3e5\")>\n\n    @allure.title('Тест перехода на историю заказов')\n    def test_order_history(self, driver):\n        profile_page = ProfilePage(driver)\n>       profile_page.click_order_history()\n\ntests/test_profile.py:29: \n_ _ _ _ _ _ _ _ _ _ _ _ _ _ _ _ _ _ _ _ _ _ _ _ _ _ _ _ _ _ _ _ _ _ _ _ _ _ _ _ \npages/profile_page.py:13: in click_order_history\n    self.click(profile_locators.order_history_button)\npages/base_page.py:46: in click\n    button = self.wait(5).until(EC.element_to_be_clickable(locator))\n_ _ _ _ _ _ _ _ _ _ _ _ _ _ _ _ _ _ _ _ _ _ _ _ _ _ _ _ _ _ _ _ _ _ _ _ _ _ _ _ \n\nself = <selenium.webdriver.support.wait.WebDriverWait (session=\"0323e968-5bb1-4426-b51b-b40b0fe2a3e5\")>\nmethod = <function element_to_be_clickable.<locals>._predicate at 0x1050e6160>\nmessage = ''\n\n    def until(self, method: Callable[[D], Union[Literal[False], T]], message: str = \"\") -> T:\n        \"\"\"Calls the method provided with the driver as an argument until the \\\n        return value does not evaluate to ``False``.\n    \n        :param method: callable(WebDriver)\n        :param message: optional message for :exc:`TimeoutException`\n        :returns: the result of the last call to `method`\n        :raises: :exc:`selenium.common.exceptions.TimeoutException` if timeout occurs\n        \"\"\"\n        screen = None\n        stacktrace = None\n    \n        end_time = time.monotonic() + self._timeout\n        while True:\n            try:\n                value = method(self._driver)\n                if value:\n                    return value\n            except self._ignored_exceptions as exc:\n                screen = getattr(exc, \"screen\", None)\n                stacktrace = getattr(exc, \"stacktrace\", None)\n            time.sleep(self._poll)\n            if time.monotonic() > end_time:\n                break\n>       raise TimeoutException(message, screen, stacktrace)\nE       selenium.common.exceptions.TimeoutException: Message: \nE       Stacktrace:\nE       RemoteError@chrome://remote/content/shared/RemoteError.sys.mjs:8:8\nE       WebDriverError@chrome://remote/content/shared/webdriver/Errors.sys.mjs:192:5\nE       NoSuchElementError@chrome://remote/content/shared/webdriver/Errors.sys.mjs:510:5\nE       dom.find/</<@chrome://remote/content/shared/DOM.sys.mjs:136:16\n\nvenv/lib/python3.12/site-packages/selenium/webdriver/support/wait.py:105: TimeoutException"}, "steps": [{"name": "инициализируем класс", "status": "passed", "parameters": [{"name": "driver", "value": "<selenium.webdriver.firefox.webdriver.WebDriver (session=\"0323e968-5bb1-4426-b51b-b40b0fe2a3e5\")>"}], "start": 1715981860824, "stop": 1715981860824}, {"name": "нажимаем на кнопку история заказов", "status": "broken", "statusDetails": {"message": "selenium.common.exceptions.TimeoutException: Message: \nStacktrace:\nRemoteError@chrome://remote/content/shared/RemoteError.sys.mjs:8:8\nWebDriverError@chrome://remote/content/shared/webdriver/Errors.sys.mjs:192:5\nNoSuchElementError@chrome://remote/content/shared/webdriver/Errors.sys.mjs:510:5\ndom.find/</<@chrome://remote/content/shared/DOM.sys.mjs:136:16\n\n", "trace": "  File \"/Users/krapiwin/QA/Diplom/Diplom_3/venv/lib/python3.12/site-packages/allure_commons/_allure.py\", line 192, in impl\n    return func(*a, **kw)\n           ^^^^^^^^^^^^^^\n  File \"/Users/krapiwin/QA/Diplom/Diplom_3/pages/profile_page.py\", line 13, in click_order_history\n    self.click(profile_locators.order_history_button)\n  File \"/Users/krapiwin/QA/Diplom/Diplom_3/venv/lib/python3.12/site-packages/allure_commons/_allure.py\", line 192, in impl\n    return func(*a, **kw)\n           ^^^^^^^^^^^^^^\n  File \"/Users/krapiwin/QA/Diplom/Diplom_3/pages/base_page.py\", line 46, in click\n    button = self.wait(5).until(EC.element_to_be_clickable(locator))\n             ^^^^^^^^^^^^^^^^^^^^^^^^^^^^^^^^^^^^^^^^^^^^^^^^^^^^^^^\n  File \"/Users/krapiwin/QA/Diplom/Diplom_3/venv/lib/python3.12/site-packages/selenium/webdriver/support/wait.py\", line 105, in until\n    raise TimeoutException(message, screen, stacktrace)\n"}, "steps": [{"name": "кликаем по локатору", "status": "broken", "statusDetails": {"message": "selenium.common.exceptions.TimeoutException: Message: \nStacktrace:\nRemoteError@chrome://remote/content/shared/RemoteError.sys.mjs:8:8\nWebDriverError@chrome://remote/content/shared/webdriver/Errors.sys.mjs:192:5\nNoSuchElementError@chrome://remote/content/shared/webdriver/Errors.sys.mjs:510:5\ndom.find/</<@chrome://remote/content/shared/DOM.sys.mjs:136:16\n\n", "trace": "  File \"/Users/krapiwin/QA/Diplom/Diplom_3/venv/lib/python3.12/site-packages/allure_commons/_allure.py\", line 192, in impl\n    return func(*a, **kw)\n           ^^^^^^^^^^^^^^\n  File \"/Users/krapiwin/QA/Diplom/Diplom_3/pages/base_page.py\", line 46, in click\n    button = self.wait(5).until(EC.element_to_be_clickable(locator))\n             ^^^^^^^^^^^^^^^^^^^^^^^^^^^^^^^^^^^^^^^^^^^^^^^^^^^^^^^\n  File \"/Users/krapiwin/QA/Diplom/Diplom_3/venv/lib/python3.12/site-packages/selenium/webdriver/support/wait.py\", line 105, in until\n    raise TimeoutException(message, screen, stacktrace)\n"}, "steps": [{"name": "ждем 5 секунд", "status": "passed", "parameters": [{"name": "time", "value": "5"}], "start": 1715981860824, "stop": 1715981860824}], "parameters": [{"name": "locator", "value": "('xpath', './/a[text()=\"История заказов\"]')"}], "start": 1715981860824, "stop": 1715981865914}], "start": 1715981860824, "stop": 1715981865917}], "parameters": [{"name": "driver", "value": "'firefox'"}], "start": 1715981860824, "stop": 1715981865919, "uuid": "c09b966b-074c-4483-a236-f0b2b68cbabe", "historyId": "a9d48c8e4675f69640fe069713e73a72", "testCaseId": "14856f90bd50d6a2988bf40c9ea8f95a", "fullName": "tests.test_profile.TestProfile#test_order_history", "labels": [{"name": "parentSuite", "value": "tests"}, {"name": "suite", "value": "test_profile"}, {"name": "subSuite", "value": "TestProfile"}, {"name": "host", "value": "MacBook-Air-Daniil.local"}, {"name": "thread", "value": "30805-MainThread"}, {"name": "framework", "value": "pytest"}, {"name": "language", "value": "cpython3"}, {"name": "package", "value": "tests.test_profile"}]}